

Using BFGS method to optimize GTR rate parameters, to disable this specify "--no-bfgs" 



This is RAxML version 8.2.10 released by Alexandros Stamatakis on March 2017.

With greatly appreciated code contributions by:
Andre Aberer      (HITS)
Simon Berger      (HITS)
Alexey Kozlov     (HITS)
Kassian Kobert    (HITS)
David Dao         (KIT and HITS)
Sarah Lutteropp   (KIT and HITS)
Nick Pattengale   (Sandia)
Wayne Pfeiffer    (SDSC)
Akifumi S. Tanabe (NRIFS)
Charlie Taylor    (UF)


Alignment has 2327 distinct alignment patterns

Proportion of gaps and completely undetermined characters in this alignment: 0.00%

RAxML rapid bootstrapping and subsequent ML search

Using 1 distinct models/data partitions with joint branch length optimization



Executing 100 rapid bootstrap inferences and thereafter a thorough ML search 

All free model parameters will be estimated by RAxML
GAMMA model of rate heterogeneity, ML estimate of alpha-parameter

GAMMA Model parameters will be estimated up to an accuracy of 0.1000000000 Log Likelihood units

Partition: 0
Alignment Patterns: 2327
Name: No Name Provided
DataType: DNA
Substitution Matrix: GTR




RAxML was called as follows:

raxmlHPC -p 1122590 -f a -x 1122590 -# 100 -s C:\Users\alex\Desktop\denbiData\bychromosome\chromosome9.fasta -n chromosome9.output -m GTRGAMMA 



Time for BS model parameter optimization 1.110256
Bootstrap[0]: Time 4.916136 seconds, bootstrap likelihood -3520088.019565, best rearrangement setting 5
Bootstrap[1]: Time 3.564800 seconds, bootstrap likelihood -3523873.028612, best rearrangement setting 6
Bootstrap[2]: Time 3.323772 seconds, bootstrap likelihood -3515408.098399, best rearrangement setting 12
Bootstrap[3]: Time 3.562820 seconds, bootstrap likelihood -3517861.322637, best rearrangement setting 7
Bootstrap[4]: Time 3.598812 seconds, bootstrap likelihood -3522541.700000, best rearrangement setting 8
Bootstrap[5]: Time 3.773851 seconds, bootstrap likelihood -3522371.816836, best rearrangement setting 13
Bootstrap[6]: Time 3.612814 seconds, bootstrap likelihood -3517555.951202, best rearrangement setting 14
Bootstrap[7]: Time 3.986900 seconds, bootstrap likelihood -3520997.704784, best rearrangement setting 6
Bootstrap[8]: Time 4.149942 seconds, bootstrap likelihood -3520627.086169, best rearrangement setting 10
Bootstrap[9]: Time 3.937889 seconds, bootstrap likelihood -3518277.342696, best rearrangement setting 6
Bootstrap[10]: Time 4.092922 seconds, bootstrap likelihood -3524141.342805, best rearrangement setting 14
Bootstrap[11]: Time 3.770849 seconds, bootstrap likelihood -3518141.116384, best rearrangement setting 8
Bootstrap[12]: Time 3.615822 seconds, bootstrap likelihood -3520930.198882, best rearrangement setting 12
Bootstrap[13]: Time 3.717840 seconds, bootstrap likelihood -3522874.198629, best rearrangement setting 15
Bootstrap[14]: Time 3.726852 seconds, bootstrap likelihood -3517787.888869, best rearrangement setting 7
Bootstrap[15]: Time 4.122931 seconds, bootstrap likelihood -3521087.844009, best rearrangement setting 14
Bootstrap[16]: Time 3.958895 seconds, bootstrap likelihood -3523463.422091, best rearrangement setting 9
Bootstrap[17]: Time 3.612818 seconds, bootstrap likelihood -3518398.470364, best rearrangement setting 12
Bootstrap[18]: Time 4.109932 seconds, bootstrap likelihood -3522055.076804, best rearrangement setting 12
Bootstrap[19]: Time 4.039909 seconds, bootstrap likelihood -3518845.754074, best rearrangement setting 6
Bootstrap[20]: Time 4.446005 seconds, bootstrap likelihood -3518444.848168, best rearrangement setting 8
Bootstrap[21]: Time 3.508791 seconds, bootstrap likelihood -3521331.892126, best rearrangement setting 5
Bootstrap[22]: Time 3.766848 seconds, bootstrap likelihood -3517696.998559, best rearrangement setting 10
Bootstrap[23]: Time 3.790855 seconds, bootstrap likelihood -3526185.736344, best rearrangement setting 8
Bootstrap[24]: Time 3.688833 seconds, bootstrap likelihood -3521114.285777, best rearrangement setting 10
Bootstrap[25]: Time 3.751846 seconds, bootstrap likelihood -3520931.114095, best rearrangement setting 12
Bootstrap[26]: Time 4.175941 seconds, bootstrap likelihood -3514734.212395, best rearrangement setting 10
Bootstrap[27]: Time 3.757847 seconds, bootstrap likelihood -3521780.921411, best rearrangement setting 15
Bootstrap[28]: Time 3.461782 seconds, bootstrap likelihood -3522043.254756, best rearrangement setting 15
Bootstrap[29]: Time 3.436800 seconds, bootstrap likelihood -3518118.660078, best rearrangement setting 10
Bootstrap[30]: Time 4.009886 seconds, bootstrap likelihood -3523835.884470, best rearrangement setting 6
Bootstrap[31]: Time 3.924913 seconds, bootstrap likelihood -3519394.934612, best rearrangement setting 13
Bootstrap[32]: Time 3.575840 seconds, bootstrap likelihood -3520143.182531, best rearrangement setting 14
Bootstrap[33]: Time 3.376762 seconds, bootstrap likelihood -3516541.156845, best rearrangement setting 6
Bootstrap[34]: Time 3.288742 seconds, bootstrap likelihood -3521830.821259, best rearrangement setting 5
Bootstrap[35]: Time 3.299744 seconds, bootstrap likelihood -3520786.471807, best rearrangement setting 14
Bootstrap[36]: Time 3.449778 seconds, bootstrap likelihood -3520280.186890, best rearrangement setting 9
Bootstrap[37]: Time 3.427773 seconds, bootstrap likelihood -3514447.719813, best rearrangement setting 11
Bootstrap[38]: Time 3.297749 seconds, bootstrap likelihood -3518432.813014, best rearrangement setting 9
Bootstrap[39]: Time 3.650827 seconds, bootstrap likelihood -3522870.443405, best rearrangement setting 14
Bootstrap[40]: Time 3.888874 seconds, bootstrap likelihood -3518725.552648, best rearrangement setting 13
Bootstrap[41]: Time 1.843414 seconds, bootstrap likelihood -3519164.858939, best rearrangement setting 14
Bootstrap[42]: Time 3.277763 seconds, bootstrap likelihood -3519667.114028, best rearrangement setting 5
Bootstrap[43]: Time 3.359776 seconds, bootstrap likelihood -3520225.777710, best rearrangement setting 10
Bootstrap[44]: Time 3.155722 seconds, bootstrap likelihood -3517575.749231, best rearrangement setting 5
Bootstrap[45]: Time 3.420769 seconds, bootstrap likelihood -3523108.237638, best rearrangement setting 9
Bootstrap[46]: Time 3.347778 seconds, bootstrap likelihood -3515254.199737, best rearrangement setting 8
Bootstrap[47]: Time 3.323767 seconds, bootstrap likelihood -3516770.517578, best rearrangement setting 7
Bootstrap[48]: Time 3.420782 seconds, bootstrap likelihood -3518915.102744, best rearrangement setting 5
Bootstrap[49]: Time 3.361771 seconds, bootstrap likelihood -3517349.722124, best rearrangement setting 14
Bootstrap[50]: Time 3.886879 seconds, bootstrap likelihood -3522369.348089, best rearrangement setting 13
Bootstrap[51]: Time 3.266762 seconds, bootstrap likelihood -3515509.408514, best rearrangement setting 7
Bootstrap[52]: Time 3.289738 seconds, bootstrap likelihood -3518187.034491, best rearrangement setting 14
Bootstrap[53]: Time 3.289742 seconds, bootstrap likelihood -3522476.954599, best rearrangement setting 7
Bootstrap[54]: Time 3.490797 seconds, bootstrap likelihood -3517417.877058, best rearrangement setting 11
Bootstrap[55]: Time 3.282751 seconds, bootstrap likelihood -3519672.838052, best rearrangement setting 14
Bootstrap[56]: Time 3.296745 seconds, bootstrap likelihood -3516309.715067, best rearrangement setting 10
Bootstrap[57]: Time 3.343779 seconds, bootstrap likelihood -3521722.954046, best rearrangement setting 13
Bootstrap[58]: Time 3.391766 seconds, bootstrap likelihood -3522224.650698, best rearrangement setting 14
Bootstrap[59]: Time 3.315750 seconds, bootstrap likelihood -3525556.095861, best rearrangement setting 14
Bootstrap[60]: Time 3.964897 seconds, bootstrap likelihood -3519226.718681, best rearrangement setting 5
Bootstrap[61]: Time 3.530802 seconds, bootstrap likelihood -3517443.588182, best rearrangement setting 7
Bootstrap[62]: Time 3.400793 seconds, bootstrap likelihood -3514806.615663, best rearrangement setting 9
Bootstrap[63]: Time 3.575802 seconds, bootstrap likelihood -3517076.188406, best rearrangement setting 10
Bootstrap[64]: Time 3.426794 seconds, bootstrap likelihood -3516301.663111, best rearrangement setting 8
Bootstrap[65]: Time 3.266750 seconds, bootstrap likelihood -3519197.316817, best rearrangement setting 15
Bootstrap[66]: Time 3.246740 seconds, bootstrap likelihood -3517824.057897, best rearrangement setting 12
Bootstrap[67]: Time 3.143709 seconds, bootstrap likelihood -3521166.113799, best rearrangement setting 12
Bootstrap[68]: Time 3.814859 seconds, bootstrap likelihood -3513765.054436, best rearrangement setting 10
Bootstrap[69]: Time 3.333752 seconds, bootstrap likelihood -3514294.116133, best rearrangement setting 15
Bootstrap[70]: Time 3.757866 seconds, bootstrap likelihood -3520538.675718, best rearrangement setting 12
Bootstrap[71]: Time 3.484791 seconds, bootstrap likelihood -3514268.979567, best rearrangement setting 9
Bootstrap[72]: Time 3.342754 seconds, bootstrap likelihood -3516352.377830, best rearrangement setting 14
Bootstrap[73]: Time 3.673832 seconds, bootstrap likelihood -3527881.010161, best rearrangement setting 15
Bootstrap[74]: Time 3.387800 seconds, bootstrap likelihood -3518989.401112, best rearrangement setting 12
Bootstrap[75]: Time 3.314713 seconds, bootstrap likelihood -3518264.113829, best rearrangement setting 15
Bootstrap[76]: Time 3.317751 seconds, bootstrap likelihood -3515923.411645, best rearrangement setting 12
Bootstrap[77]: Time 3.187740 seconds, bootstrap likelihood -3520575.869691, best rearrangement setting 7
Bootstrap[78]: Time 3.214705 seconds, bootstrap likelihood -3521179.216707, best rearrangement setting 7
Bootstrap[79]: Time 3.246737 seconds, bootstrap likelihood -3516165.282368, best rearrangement setting 12
Bootstrap[80]: Time 3.589808 seconds, bootstrap likelihood -3518511.522545, best rearrangement setting 12
Bootstrap[81]: Time 3.264763 seconds, bootstrap likelihood -3519646.502067, best rearrangement setting 15
Bootstrap[82]: Time 3.226725 seconds, bootstrap likelihood -3520092.250584, best rearrangement setting 7
Bootstrap[83]: Time 3.291758 seconds, bootstrap likelihood -3521287.670820, best rearrangement setting 12
Bootstrap[84]: Time 3.438774 seconds, bootstrap likelihood -3519242.264196, best rearrangement setting 13
Bootstrap[85]: Time 3.406771 seconds, bootstrap likelihood -3520414.305514, best rearrangement setting 9
Bootstrap[86]: Time 3.446804 seconds, bootstrap likelihood -3515622.687583, best rearrangement setting 14
Bootstrap[87]: Time 3.422771 seconds, bootstrap likelihood -3523682.970901, best rearrangement setting 12
Bootstrap[88]: Time 3.523819 seconds, bootstrap likelihood -3519493.581136, best rearrangement setting 7
Bootstrap[89]: Time 3.530781 seconds, bootstrap likelihood -3521160.361281, best rearrangement setting 7
Bootstrap[90]: Time 4.051916 seconds, bootstrap likelihood -3523824.858516, best rearrangement setting 13
Bootstrap[91]: Time 3.426790 seconds, bootstrap likelihood -3521558.264806, best rearrangement setting 10
Bootstrap[92]: Time 3.474768 seconds, bootstrap likelihood -3521761.201101, best rearrangement setting 12
Bootstrap[93]: Time 3.521820 seconds, bootstrap likelihood -3520309.292839, best rearrangement setting 9
Bootstrap[94]: Time 3.522772 seconds, bootstrap likelihood -3518074.864728, best rearrangement setting 5
Bootstrap[95]: Time 3.443777 seconds, bootstrap likelihood -3524170.676505, best rearrangement setting 12
Bootstrap[96]: Time 3.478809 seconds, bootstrap likelihood -3519455.649241, best rearrangement setting 8
Bootstrap[97]: Time 3.322744 seconds, bootstrap likelihood -3522417.217883, best rearrangement setting 15
Bootstrap[98]: Time 3.426786 seconds, bootstrap likelihood -3521952.781479, best rearrangement setting 10
Bootstrap[99]: Time 3.408764 seconds, bootstrap likelihood -3523996.433387, best rearrangement setting 7


Overall Time for 100 Rapid Bootstraps 371.964006 seconds
Average Time per Rapid Bootstrap 3.719640 seconds

Starting ML Search ...

Fast ML optimization finished

Fast ML search Time: 195.613178 seconds

Slow ML Search 0 Likelihood: -3519355.073532
Slow ML Search 1 Likelihood: -3519355.075896
Slow ML Search 2 Likelihood: -3519355.073277
Slow ML Search 3 Likelihood: -3519355.075704
Slow ML Search 4 Likelihood: -3519355.073181
Slow ML Search 5 Likelihood: -3519355.075106
Slow ML Search 6 Likelihood: -3519355.077461
Slow ML Search 7 Likelihood: -3519355.073515
Slow ML Search 8 Likelihood: -3519355.076588
Slow ML Search 9 Likelihood: -3519355.073198
Slow ML optimization finished

Slow ML search Time: 115.392059 seconds
Thorough ML search Time: 24.234493 seconds

Final ML Optimization Likelihood: -3519355.071395

Model Information:

Model Parameters of Partition 0, Name: No Name Provided, Type of Data: DNA
alpha: 0.020000
Tree-Length: 0.018103
rate A <-> C: 1.004645
rate A <-> G: 5.377881
rate A <-> T: 0.804244
rate C <-> G: 0.968085
rate C <-> T: 5.278428
rate G <-> T: 1.000000

freq pi(A): 0.240093
freq pi(C): 0.260398
freq pi(G): 0.259583
freq pi(T): 0.239926


ML search took 335.258694 secs or 0.093127 hours

Combined Bootstrap and ML search took 707.223698 secs or 0.196451 hours

Drawing Bootstrap Support Values on best-scoring ML tree ...



Found 1 tree in File C:\Users\alex\Desktop\denbiData\standard-RAxML-master\WindowsExecutables_v8.2.10\RAxML_bestTree.chromosome9.output



Found 1 tree in File C:\Users\alex\Desktop\denbiData\standard-RAxML-master\WindowsExecutables_v8.2.10\RAxML_bestTree.chromosome9.output

Program execution info written to C:\Users\alex\Desktop\denbiData\standard-RAxML-master\WindowsExecutables_v8.2.10\RAxML_info.chromosome9.output
All 100 bootstrapped trees written to: C:\Users\alex\Desktop\denbiData\standard-RAxML-master\WindowsExecutables_v8.2.10\RAxML_bootstrap.chromosome9.output

Best-scoring ML tree written to: C:\Users\alex\Desktop\denbiData\standard-RAxML-master\WindowsExecutables_v8.2.10\RAxML_bestTree.chromosome9.output

Best-scoring ML tree with support values written to: C:\Users\alex\Desktop\denbiData\standard-RAxML-master\WindowsExecutables_v8.2.10\RAxML_bipartitions.chromosome9.output

Best-scoring ML tree with support values as branch labels written to: C:\Users\alex\Desktop\denbiData\standard-RAxML-master\WindowsExecutables_v8.2.10\RAxML_bipartitionsBranchLabels.chromosome9.output

Overall execution time for full ML analysis: 707.248705 secs or 0.196458 hours or 0.008186 days

